0 info it worked if it ends with ok
1 verbose cli [ '/usr/bin/node',
1 verbose cli   '/usr/bin/npm',
1 verbose cli   'install',
1 verbose cli   'connect',
1 verbose cli   'serve-static' ]
2 info using npm@1.4.28
3 info using node@v0.10.37
4 verbose node symlink /usr/bin/node
5 verbose cache add [ 'connect', null ]
6 verbose cache add name=undefined spec="connect" args=["connect",null]
7 verbose parsed url { protocol: null,
7 verbose parsed url   slashes: null,
7 verbose parsed url   auth: null,
7 verbose parsed url   host: null,
7 verbose parsed url   port: null,
7 verbose parsed url   hostname: null,
7 verbose parsed url   hash: null,
7 verbose parsed url   search: null,
7 verbose parsed url   query: null,
7 verbose parsed url   pathname: 'connect',
7 verbose parsed url   path: 'connect',
7 verbose parsed url   href: 'connect' }
8 verbose cache add [ 'serve-static', null ]
9 verbose cache add name=undefined spec="serve-static" args=["serve-static",null]
10 verbose parsed url { protocol: null,
10 verbose parsed url   slashes: null,
10 verbose parsed url   auth: null,
10 verbose parsed url   host: null,
10 verbose parsed url   port: null,
10 verbose parsed url   hostname: null,
10 verbose parsed url   hash: null,
10 verbose parsed url   search: null,
10 verbose parsed url   query: null,
10 verbose parsed url   pathname: 'serve-static',
10 verbose parsed url   path: 'serve-static',
10 verbose parsed url   href: 'serve-static' }
11 silly lockFile f11a107f-connect connect
12 verbose lock connect /home/steveboyd/.npm/f11a107f-connect.lock
13 silly lockFile fae0c2c0-serve-static serve-static
14 verbose lock serve-static /home/steveboyd/.npm/fae0c2c0-serve-static.lock
15 silly lockFile fae0c2c0-serve-static serve-static
16 silly lockFile fae0c2c0-serve-static serve-static
17 silly lockFile f11a107f-connect connect
18 silly lockFile f11a107f-connect connect
19 verbose addNamed [ 'serve-static', '' ]
20 verbose addNamed [ null, '*' ]
21 silly lockFile 5f35dc5b-serve-static serve-static@
22 verbose lock serve-static@ /home/steveboyd/.npm/5f35dc5b-serve-static.lock
23 verbose addNamed [ 'connect', '' ]
24 verbose addNamed [ null, '*' ]
25 silly lockFile 6c45e0f3-connect connect@
26 verbose lock connect@ /home/steveboyd/.npm/6c45e0f3-connect.lock
27 silly addNameRange { name: 'serve-static', range: '*', hasData: false }
28 silly addNameRange { name: 'connect', range: '*', hasData: false }
29 verbose request where is /serve-static
30 verbose request registry https://registry.npmjs.org/
31 verbose request id 30ad0ed5ba6d237f
32 verbose url raw /serve-static
33 verbose url resolving [ 'https://registry.npmjs.org/', './serve-static' ]
34 verbose url resolved https://registry.npmjs.org/serve-static
35 verbose request where is https://registry.npmjs.org/serve-static
36 info trying registry request attempt 1 at 17:11:16
37 verbose etag "EOW00G42FLTT9DRWWFIIBGBPM"
38 http GET https://registry.npmjs.org/serve-static
39 verbose request where is /connect
40 verbose request registry https://registry.npmjs.org/
41 verbose url raw /connect
42 verbose url resolving [ 'https://registry.npmjs.org/', './connect' ]
43 verbose url resolved https://registry.npmjs.org/connect
44 verbose request where is https://registry.npmjs.org/connect
45 info trying registry request attempt 1 at 17:11:16
46 verbose etag "BMZWSHR4KZZ9U9055U9MZ35DD"
47 http GET https://registry.npmjs.org/connect
48 http 200 https://registry.npmjs.org/serve-static
49 silly registry.get cb [ 200,
49 silly registry.get   { server: 'CouchDB/1.5.0 (Erlang OTP/R16B03)',
49 silly registry.get     etag: '"AC8PCSO1B219HJ7HINRL12BBT"',
49 silly registry.get     'content-type': 'application/json',
49 silly registry.get     'cache-control': 'max-age=300',
49 silly registry.get     'content-length': '72718',
49 silly registry.get     'accept-ranges': 'bytes',
49 silly registry.get     date: 'Sat, 20 Feb 2016 22:11:17 GMT',
49 silly registry.get     via: '1.1 varnish',
49 silly registry.get     age: '241',
49 silly registry.get     connection: 'keep-alive',
49 silly registry.get     'x-served-by': 'cache-atl6222-ATL',
49 silly registry.get     'x-cache': 'HIT',
49 silly registry.get     'x-cache-hits': '1',
49 silly registry.get     'x-timer': 'S1456006277.012749,VS0,VE0',
49 silly registry.get     vary: 'Accept' } ]
50 silly addNameRange number 2 { name: 'serve-static', range: '*', hasData: true }
51 silly addNameRange versions [ 'serve-static',
51 silly addNameRange   [ '1.0.0',
51 silly addNameRange     '1.0.1',
51 silly addNameRange     '1.0.2',
51 silly addNameRange     '1.0.3',
51 silly addNameRange     '1.0.4',
51 silly addNameRange     '1.1.0',
51 silly addNameRange     '1.2.0',
51 silly addNameRange     '1.2.1',
51 silly addNameRange     '1.2.2',
51 silly addNameRange     '1.2.3',
51 silly addNameRange     '1.3.0',
51 silly addNameRange     '1.3.1',
51 silly addNameRange     '1.3.2',
51 silly addNameRange     '1.4.0',
51 silly addNameRange     '1.4.1',
51 silly addNameRange     '1.4.2',
51 silly addNameRange     '1.4.3',
51 silly addNameRange     '1.4.4',
51 silly addNameRange     '1.5.0',
51 silly addNameRange     '1.5.1',
51 silly addNameRange     '1.5.2',
51 silly addNameRange     '1.5.3',
51 silly addNameRange     '1.5.4',
51 silly addNameRange     '1.6.0',
51 silly addNameRange     '1.6.1',
51 silly addNameRange     '1.6.2',
51 silly addNameRange     '1.6.3',
51 silly addNameRange     '1.6.4',
51 silly addNameRange     '1.7.0',
51 silly addNameRange     '1.7.1',
51 silly addNameRange     '1.7.2',
51 silly addNameRange     '1.8.0',
51 silly addNameRange     '1.8.1',
51 silly addNameRange     '1.6.5',
51 silly addNameRange     '1.9.0',
51 silly addNameRange     '1.9.1',
51 silly addNameRange     '1.9.2',
51 silly addNameRange     '1.9.3',
51 silly addNameRange     '1.10.0',
51 silly addNameRange     '1.10.1',
51 silly addNameRange     '1.10.2' ] ]
52 verbose addNamed [ 'serve-static', '1.10.2' ]
53 verbose addNamed [ '1.10.2', '1.10.2' ]
54 silly lockFile 2ad3cf0f-serve-static-1-10-2 serve-static@1.10.2
55 verbose lock serve-static@1.10.2 /home/steveboyd/.npm/2ad3cf0f-serve-static-1-10-2.lock
56 silly lockFile a30560a9-e-static-serve-static-1-10-2-tgz https://registry.npmjs.org/serve-static/-/serve-static-1.10.2.tgz
57 verbose lock https://registry.npmjs.org/serve-static/-/serve-static-1.10.2.tgz /home/steveboyd/.npm/a30560a9-e-static-serve-static-1-10-2-tgz.lock
58 verbose addRemoteTarball [ 'https://registry.npmjs.org/serve-static/-/serve-static-1.10.2.tgz',
58 verbose addRemoteTarball   'feb800d0e722124dd0b00333160c16e9caa8bcb3' ]
59 info retry fetch attempt 1 at 17:11:17
60 verbose fetch to= /tmp/npm-18073-ClGFqnFs/registry.npmjs.org/serve-static/-/serve-static-1.10.2.tgz
61 http GET https://registry.npmjs.org/serve-static/-/serve-static-1.10.2.tgz
62 http 200 https://registry.npmjs.org/connect
63 silly registry.get cb [ 200,
63 silly registry.get   { server: 'CouchDB/1.5.0 (Erlang OTP/R16B03)',
63 silly registry.get     etag: '"8QOR3B7NIM21YL5J3F2C5S6Z"',
63 silly registry.get     'content-type': 'application/json',
63 silly registry.get     'cache-control': 'max-age=300',
63 silly registry.get     'content-length': '334157',
63 silly registry.get     'accept-ranges': 'bytes',
63 silly registry.get     date: 'Sat, 20 Feb 2016 22:11:17 GMT',
63 silly registry.get     via: '1.1 varnish',
63 silly registry.get     age: '52',
63 silly registry.get     connection: 'keep-alive',
63 silly registry.get     'x-served-by': 'cache-atl6241-ATL',
63 silly registry.get     'x-cache': 'HIT',
63 silly registry.get     'x-cache-hits': '1',
63 silly registry.get     'x-timer': 'S1456006277.010285,VS0,VE0',
63 silly registry.get     vary: 'Accept' } ]
64 silly addNameRange number 2 { name: 'connect', range: '*', hasData: true }
65 silly addNameRange versions [ 'connect',
65 silly addNameRange   [ '0.0.1',
65 silly addNameRange     '0.0.2',
65 silly addNameRange     '0.0.3',
65 silly addNameRange     '0.0.4',
65 silly addNameRange     '0.0.5',
65 silly addNameRange     '0.0.6',
65 silly addNameRange     '0.1.0',
65 silly addNameRange     '0.2.0',
65 silly addNameRange     '0.2.1',
65 silly addNameRange     '0.2.2',
65 silly addNameRange     '0.2.3',
65 silly addNameRange     '0.2.4',
65 silly addNameRange     '0.2.5',
65 silly addNameRange     '0.2.6',
65 silly addNameRange     '0.2.7',
65 silly addNameRange     '0.3.0',
65 silly addNameRange     '0.4.0',
65 silly addNameRange     '0.5.0',
65 silly addNameRange     '0.5.1',
65 silly addNameRange     '0.5.2',
65 silly addNameRange     '0.5.3',
65 silly addNameRange     '0.5.4',
65 silly addNameRange     '0.5.5',
65 silly addNameRange     '0.5.6',
65 silly addNameRange     '0.5.7',
65 silly addNameRange     '0.5.8',
65 silly addNameRange     '0.5.9',
65 silly addNameRange     '0.5.10',
65 silly addNameRange     '1.0.0',
65 silly addNameRange     '1.0.1',
65 silly addNameRange     '1.0.2',
65 silly addNameRange     '1.0.3',
65 silly addNameRange     '1.0.4',
65 silly addNameRange     '1.0.5',
65 silly addNameRange     '1.0.6',
65 silly addNameRange     '1.1.0',
65 silly addNameRange     '1.1.1',
65 silly addNameRange     '1.1.2',
65 silly addNameRange     '1.1.3',
65 silly addNameRange     '1.1.4',
65 silly addNameRange     '1.1.5',
65 silly addNameRange     '1.2.0',
65 silly addNameRange     '1.2.1',
65 silly addNameRange     '1.2.2',
65 silly addNameRange     '1.2.3',
65 silly addNameRange     '1.3.0',
65 silly addNameRange     '1.4.0',
65 silly addNameRange     '1.4.1',
65 silly addNameRange     '1.4.2',
65 silly addNameRange     '1.4.3',
65 silly addNameRange     '1.4.4',
65 silly addNameRange     '1.4.5',
65 silly addNameRange     '1.4.6',
65 silly addNameRange     '1.5.0',
65 silly addNameRange     '1.5.1',
65 silly addNameRange     '1.5.2',
65 silly addNameRange     '1.6.0',
65 silly addNameRange     '1.6.1',
65 silly addNameRange     '1.6.2',
65 silly addNameRange     '1.6.3',
65 silly addNameRange     '1.6.4',
65 silly addNameRange     '1.7.0',
65 silly addNameRange     '1.7.1',
65 silly addNameRange     '1.7.2',
65 silly addNameRange     '1.7.3',
65 silly addNameRange     '1.8.0',
65 silly addNameRange     '1.8.1',
65 silly addNameRange     '1.8.2',
65 silly addNameRange     '1.8.3',
65 silly addNameRange     '1.8.4',
65 silly addNameRange     '1.8.5',
65 silly addNameRange     '2.0.0',
65 silly addNameRange     '2.0.1',
65 silly addNameRange     '2.0.2',
65 silly addNameRange     '2.0.3',
65 silly addNameRange     '1.8.6',
65 silly addNameRange     '2.1.0',
65 silly addNameRange     '2.1.1',
65 silly addNameRange     '2.1.2',
65 silly addNameRange     '1.8.7',
65 silly addNameRange     '2.1.3',
65 silly addNameRange     '2.2.0',
65 silly addNameRange     '2.2.1',
65 silly addNameRange     '2.2.2',
65 silly addNameRange     '2.3.0',
65 silly addNameRange     '2.3.1',
65 silly addNameRange     '2.3.2',
65 silly addNameRange     '2.3.3',
65 silly addNameRange     '1.9.0',
65 silly addNameRange     '1.9.1',
65 silly addNameRange     '2.3.4',
65 silly addNameRange     '2.3.5',
65 silly addNameRange     '2.3.6',
65 silly addNameRange     '2.3.7',
65 silly addNameRange     '1.9.2',
65 silly addNameRange     '2.3.8',
65 silly addNameRange     '2.3.9',
65 silly addNameRange     '2.4.0',
65 silly addNameRange     '2.4.1',
65 silly addNameRange     '2.4.2',
65 silly addNameRange     '2.4.3',
65 silly addNameRange     '2.4.4',
65 silly addNameRange     '2.4.5',
65 silly addNameRange     '2.4.6',
65 silly addNameRange     '2.5.0',
65 silly addNameRange     '2.6.0',
65 silly addNameRange     '2.6.1',
65 silly addNameRange     '2.6.2',
65 silly addNameRange     '2.7.0',
65 silly addNameRange     '2.7.1',
65 silly addNameRange     '2.7.2',
65 silly addNameRange     '2.7.3',
65 silly addNameRange     '2.7.4',
65 silly addNameRange     '2.7.5',
65 silly addNameRange     '2.7.6',
65 silly addNameRange     '2.7.7',
65 silly addNameRange     '2.7.8',
65 silly addNameRange     '2.7.9',
65 silly addNameRange     '2.7.10',
65 silly addNameRange     '2.7.11',
65 silly addNameRange     '2.8.0',
65 silly addNameRange     '2.8.1',
65 silly addNameRange     '2.8.2',
65 silly addNameRange     '2.8.3',
65 silly addNameRange     '2.8.4',
65 silly addNameRange     '2.8.5',
65 silly addNameRange     '2.8.6',
65 silly addNameRange     '2.8.7',
65 silly addNameRange     '2.8.8',
65 silly addNameRange     '2.9.0',
65 silly addNameRange     '2.9.1',
65 silly addNameRange     '2.9.2',
65 silly addNameRange     '2.10.0',
65 silly addNameRange     '2.10.1',
65 silly addNameRange     '2.11.0',
65 silly addNameRange     '2.11.1',
65 silly addNameRange     '2.11.2',
65 silly addNameRange     '2.12.0',
65 silly addNameRange     '2.13.0',
65 silly addNameRange     '2.13.1',
65 silly addNameRange     '2.14.0',
65 silly addNameRange     '2.14.1',
65 silly addNameRange     '3.0.0-rc.1',
65 silly addNameRange     '2.14.2',
65 silly addNameRange     '2.14.3',
65 silly addNameRange     '2.14.4',
65 silly addNameRange     '2.14.5',
65 silly addNameRange     '2.15.0',
65 silly addNameRange     '3.0.0-rc.2',
65 silly addNameRange     '2.16.0',
65 silly addNameRange     '2.16.1',
65 silly addNameRange     '2.16.2',
65 silly addNameRange     '2.17.0',
65 silly addNameRange     '2.17.1',
65 silly addNameRange     '2.17.2',
65 silly addNameRange     '2.17.3',
65 silly addNameRange     '2.18.0',
65 silly addNameRange     '3.0.0',
65 silly addNameRange     '2.19.0',
65 silly addNameRange     '2.19.1',
65 silly addNameRange     '2.19.2',
65 silly addNameRange     '2.19.3',
65 silly addNameRange     '2.19.4',
65 silly addNameRange     '2.19.5',
65 silly addNameRange     '2.19.6',
65 silly addNameRange     '2.20.0',
65 silly addNameRange     '2.20.1',
65 silly addNameRange     '2.20.2',
65 silly addNameRange     '3.0.1',
65 silly addNameRange     '2.21.0',
65 silly addNameRange     '2.21.1',
65 silly addNameRange     '2.22.0',
65 silly addNameRange     '2.23.0',
65 silly addNameRange     '3.0.2',
65 silly addNameRange     '2.24.0',
65 silly addNameRange     '3.1.0',
65 silly addNameRange     '2.24.1',
65 silly addNameRange     '2.24.2',
65 silly addNameRange     '2.24.3',
65 silly addNameRange     '2.25.0',
65 silly addNameRange     '2.25.1',
65 silly addNameRange     '2.25.2',
65 silly addNameRange     '2.25.3',
65 silly addNameRange     '2.25.4',
65 silly addNameRange     '3.1.1',
65 silly addNameRange     '2.25.5',
65 silly addNameRange     '2.25.6',
65 silly addNameRange     '2.25.7',
65 silly addNameRange     '2.25.8',
65 silly addNameRange     '2.25.9',
65 silly addNameRange     '2.25.10',
65 silly addNameRange     '2.26.0',
65 silly addNameRange     '3.2.0',
65 silly addNameRange     '2.26.1',
65 silly addNameRange     '2.26.2',
65 silly addNameRange     '2.26.3',
65 silly addNameRange     '2.26.4',
65 silly addNameRange     '2.26.5',
65 silly addNameRange     '2.26.6',
65 silly addNameRange     '2.27.0',
65 silly addNameRange     '3.3.0',
65 silly addNameRange     '2.27.1',
65 silly addNameRange     '3.3.1',
65 silly addNameRange     '2.27.2',
65 silly addNameRange     '3.3.2',
65 silly addNameRange     '2.27.3',
65 silly addNameRange     '3.3.3',
65 silly addNameRange     '2.27.4',
65 silly addNameRange     '2.27.5',
65 silly addNameRange     '2.27.6',
65 silly addNameRange     '2.28.0',
65 silly addNameRange     '3.3.4',
65 silly addNameRange     '2.28.1',
65 silly addNameRange     '2.28.2',
65 silly addNameRange     '2.28.3',
65 silly addNameRange     '2.29.0',
65 silly addNameRange     '2.29.1',
65 silly addNameRange     '3.3.5',
65 silly addNameRange     '2.29.2',
65 silly addNameRange     '2.30.0',
65 silly addNameRange     '3.4.0',
65 silly addNameRange     '2.30.1',
65 silly addNameRange     '2.30.2',
65 silly addNameRange     '3.4.1' ] ]
66 verbose addNamed [ 'connect', '3.4.1' ]
67 verbose addNamed [ '3.4.1', '3.4.1' ]
68 silly lockFile defb4693-connect-3-4-1 connect@3.4.1
69 verbose lock connect@3.4.1 /home/steveboyd/.npm/defb4693-connect-3-4-1.lock
70 silly lockFile d4b71c9a-js-org-connect-connect-3-4-1-tgz https://registry.npmjs.org/connect/-/connect-3.4.1.tgz
71 verbose lock https://registry.npmjs.org/connect/-/connect-3.4.1.tgz /home/steveboyd/.npm/d4b71c9a-js-org-connect-connect-3-4-1-tgz.lock
72 verbose addRemoteTarball [ 'https://registry.npmjs.org/connect/-/connect-3.4.1.tgz',
72 verbose addRemoteTarball   'a21361d3f4099ef761cda6dc4a973bb1ebb0a34d' ]
73 info retry fetch attempt 1 at 17:11:17
74 verbose fetch to= /tmp/npm-18073-ClGFqnFs/registry.npmjs.org/connect/-/connect-3.4.1.tgz
75 http GET https://registry.npmjs.org/connect/-/connect-3.4.1.tgz
76 http 200 https://registry.npmjs.org/serve-static/-/serve-static-1.10.2.tgz
77 silly lockFile a30560a9-e-static-serve-static-1-10-2-tgz https://registry.npmjs.org/serve-static/-/serve-static-1.10.2.tgz
78 silly lockFile a30560a9-e-static-serve-static-1-10-2-tgz https://registry.npmjs.org/serve-static/-/serve-static-1.10.2.tgz
79 silly lockFile 2ad3cf0f-serve-static-1-10-2 serve-static@1.10.2
80 silly lockFile 2ad3cf0f-serve-static-1-10-2 serve-static@1.10.2
81 silly lockFile 5f35dc5b-serve-static serve-static@
82 silly lockFile 5f35dc5b-serve-static serve-static@
83 http 200 https://registry.npmjs.org/connect/-/connect-3.4.1.tgz
84 silly lockFile d4b71c9a-js-org-connect-connect-3-4-1-tgz https://registry.npmjs.org/connect/-/connect-3.4.1.tgz
85 silly lockFile d4b71c9a-js-org-connect-connect-3-4-1-tgz https://registry.npmjs.org/connect/-/connect-3.4.1.tgz
86 silly lockFile defb4693-connect-3-4-1 connect@3.4.1
87 silly lockFile defb4693-connect-3-4-1 connect@3.4.1
88 silly lockFile 6c45e0f3-connect connect@
89 silly lockFile 6c45e0f3-connect connect@
90 error Error: EACCES, mkdir '/home/steveboyd/.npm/serve-static/1.10.2'
90 error  { [Error: EACCES, mkdir '/home/steveboyd/.npm/serve-static/1.10.2']
90 error   errno: 3,
90 error   code: 'EACCES',
90 error   path: '/home/steveboyd/.npm/serve-static/1.10.2' }
91 error Please try running this command again as root/Administrator.
92 error System Linux 3.19.0-49-generic
93 error command "/usr/bin/node" "/usr/bin/npm" "install" "connect" "serve-static"
94 error cwd /home/steveboyd/projects/trello
95 error node -v v0.10.37
96 error npm -v 1.4.28
97 error path /home/steveboyd/.npm/serve-static/1.10.2
98 error code EACCES
99 error errno 3
100 error stack Error: EACCES, mkdir '/home/steveboyd/.npm/serve-static/1.10.2'
101 verbose exit [ 3, true ]
